{"total": {"lines":{"total":81,"covered":81,"skipped":0,"pct":100},"statements":{"total":89,"covered":89,"skipped":0,"pct":100},"functions":{"total":13,"covered":13,"skipped":0,"pct":100},"branches":{"total":64,"covered":63,"skipped":0,"pct":98.43},"branchesTrue":{"total":0,"covered":0,"skipped":0,"pct":"Unknown"}}
,"/tmp/cc-agent/68788715/project/lib.js": {"lines":{"total":81,"covered":81,"skipped":0,"pct":100},"functions":{"total":13,"covered":13,"skipped":0,"pct":100},"statements":{"total":89,"covered":89,"skipped":0,"pct":100},"branches":{"total":64,"covered":63,"skipped":0,"pct":98.43}}
}
