TN:
SF:lib.js
FN:8,escapeHtml
FN:26,getMatchingRedirectUrl
FN:35,(anonymous_2)
FN:51,validateEnvVars
FN:61,(anonymous_4)
FN:70,buildCorsOptions
FN:72,origin
FN:93,buildSessionConfig
FN:113,shouldUseSecureCookies
FN:122,parseList
FN:124,(anonymous_10)
FN:132,normalizeIssuer
FN:152,correctIssuerMetadata
FNF:13
FNH:13
FNDA:12,escapeHtml
FNDA:8,getMatchingRedirectUrl
FNDA:1,(anonymous_2)
FNDA:4,validateEnvVars
FNDA:28,(anonymous_4)
FNDA:4,buildCorsOptions
FNDA:3,origin
FNDA:2,buildSessionConfig
FNDA:4,shouldUseSecureCookies
FNDA:6,parseList
FNDA:11,(anonymous_10)
FNDA:15,normalizeIssuer
FNDA:12,correctIssuerMetadata
DA:9,12
DA:10,8
DA:27,8
DA:28,5
DA:29,5
DA:30,5
DA:31,5
DA:32,5
DA:33,2
DA:35,2
DA:36,2
DA:37,1
DA:43,5
DA:52,4
DA:61,28
DA:62,4
DA:71,4
DA:73,3
DA:74,2
DA:76,1
DA:94,2
DA:114,4
DA:123,6
DA:124,11
DA:133,15
DA:134,13
DA:135,13
DA:136,13
DA:137,3
DA:142,10
DA:153,12
DA:156,12
DA:157,12
DA:159,1
DA:162,11
DA:163,11
DA:164,2
DA:165,2
DA:167,1
DA:171,11
DA:173,12
DA:174,12
DA:176,12
DA:177,10
DA:178,10
DA:179,1
DA:181,9
DA:182,9
DA:183,4
DA:184,4
DA:185,2
DA:186,2
DA:187,2
DA:188,2
DA:192,9
DA:194,1
DA:197,10
DA:198,4
DA:202,11
DA:203,76
DA:204,65
DA:205,65
DA:207,62
DA:208,62
DA:209,62
DA:211,62
DA:212,2
DA:213,2
DA:214,60
DA:215,21
DA:216,21
DA:219,62
DA:220,23
DA:221,23
DA:222,23
DA:223,23
DA:224,23
DA:225,23
DA:226,23
DA:234,11
DA:237,1
LF:81
LH:81
BRDA:9,0,0,4
BRDA:9,0,1,8
BRDA:27,1,0,5
BRDA:27,1,1,3
BRDA:32,2,0,2
BRDA:32,2,1,3
BRDA:32,3,0,5
BRDA:32,3,1,3
BRDA:36,4,0,1
BRDA:36,4,1,1
BRDA:61,5,0,28
BRDA:61,5,1,15
BRDA:73,6,0,2
BRDA:73,6,1,1
BRDA:73,7,0,3
BRDA:73,7,1,2
BRDA:102,8,0,1
BRDA:102,8,1,1
BRDA:114,9,0,4
BRDA:114,9,1,3
BRDA:123,10,0,2
BRDA:123,10,1,4
BRDA:133,11,0,2
BRDA:133,11,1,13
BRDA:136,12,0,3
BRDA:136,12,1,10
BRDA:136,13,0,13
BRDA:136,13,1,11
BRDA:163,14,0,2
BRDA:163,14,1,9
BRDA:163,15,0,11
BRDA:163,15,1,2
BRDA:171,16,0,11
BRDA:171,16,1,1
BRDA:176,17,0,10
BRDA:176,17,1,2
BRDA:178,18,0,1
BRDA:178,18,1,9
BRDA:182,19,0,4
BRDA:182,19,1,4
BRDA:182,20,0,9
BRDA:182,20,1,4
BRDA:184,21,0,2
BRDA:184,21,1,2
BRDA:184,22,0,4
BRDA:184,22,1,4
BRDA:197,23,0,4
BRDA:197,23,1,6
BRDA:203,24,0,11
BRDA:203,24,1,65
BRDA:205,25,0,3
BRDA:205,25,1,62
BRDA:211,26,0,2
BRDA:211,26,1,60
BRDA:211,27,0,62
BRDA:211,27,1,21
BRDA:214,28,0,21
BRDA:214,28,1,39
BRDA:214,29,0,60
BRDA:214,29,1,57
BRDA:219,30,0,23
BRDA:219,30,1,39
BRDA:225,31,0,23
BRDA:225,31,1,0
BRF:64
BRH:63
end_of_record
