TN:
SF:lib.js
FN:4,generateUUIDv4
FN:10,decodeJwtPayload
FN:21,escapeHtml
FN:26,resolveBffBaseUrl
FNF:4
FNH:4
FNDA:101,generateUUIDv4
FNDA:6,decodeJwtPayload
FNDA:5,escapeHtml
FNDA:5,resolveBffBaseUrl
DA:1,1
DA:2,1
DA:4,1
DA:5,101
DA:6,3131
DA:7,101
DA:8,101
DA:10,1
DA:11,6
DA:12,3
DA:13,3
DA:14,6
DA:15,2
DA:16,2
DA:17,2
DA:18,6
DA:19,6
DA:21,1
DA:22,5
DA:23,2
DA:24,2
DA:26,1
DA:27,5
DA:28,2
DA:29,5
DA:30,2
DA:31,2
DA:32,1
DA:33,1
LF:29
LH:29
BRDA:4,0,0,101
BRDA:5,1,0,3131
BRDA:10,2,0,6
BRDA:11,3,0,4
BRDA:11,4,0,3
BRDA:14,5,0,1
BRDA:14,6,0,2
BRDA:18,7,0,1
BRDA:21,8,0,5
BRDA:22,9,0,3
BRDA:22,10,0,2
BRDA:26,11,0,5
BRDA:27,12,0,4
BRDA:27,13,0,2
BRDA:29,14,0,3
BRDA:29,15,0,2
BRDA:29,16,0,2
BRDA:31,17,0,1
BRF:18
BRH:18
end_of_record
